<?xml version="1.0" encoding="UTF-8"?>
<testng-results skipped="0" failed="0" total="0" passed="0">
  <reporter-output>
  </reporter-output>
  <suite name="com.websystique.maven.AppTest" duration-ms="3" started-at="2019-02-22T01:32:01Z" finished-at="2019-02-22T01:32:01Z">
    <groups>
    </groups>
    <test name="Command line test" duration-ms="3" started-at="2019-02-22T01:32:01Z" finished-at="2019-02-22T01:32:01Z">
    </test> <!-- Command line test -->
  </suite> <!-- com.websystique.maven.AppTest -->
</testng-results>
